# JRE version: OpenJDK Runtime Environment (8.0_242-b01) (build 1.8.0_242-release-1644-b01)
# Java VM: OpenJDK 64-Bit Server VM (25.242-b01 mixed mode windows-amd64 compressed oops)
Heap:
 PSYoungGen      total 655872K, used 203416K [0x00000000d5580000, 0x00000000ffb00000, 0x0000000100000000)
  eden space 620032K, 29% used [0x00000000d5580000,0x00000000e0acdd20,0x00000000fb300000)
  from space 35840K, 49% used [0x00000000fd800000,0x00000000fe9584f0,0x00000000ffb00000)
  to   space 36864K, 0% used [0x00000000fb300000,0x00000000fb300000,0x00000000fd700000)
 ParOldGen       total 178176K, used 81909K [0x0000000080000000, 0x000000008ae00000, 0x00000000d5580000)
  object space 178176K, 45% used [0x0000000080000000,0x0000000084ffd478,0x000000008ae00000)
 Metaspace       used 103533K, capacity 108876K, committed 109016K, reserved 1144832K
  class space    used 13492K, capacity 14543K, committed 14552K, reserved 1048576K
GC Heap History (10 events):
Event: 1469.238 GC heap before
{Heap before GC invocations=26 (full 4):
 PSYoungGen      total 458240K, used 449112K [0x00000000d5580000, 0x00000000f8e80000, 0x0000000100000000)
  eden space 420352K, 100% used [0x00000000d5580000,0x00000000ef000000,0x00000000ef000000)
  from space 37888K, 75% used [0x00000000ef000000,0x00000000f0c16118,0x00000000f1500000)
  to   space 39936K, 0% used [0x00000000f6780000,0x00000000f6780000,0x00000000f8e80000)
 ParOldGen       total 178176K, used 66288K [0x0000000080000000, 0x000000008ae00000, 0x00000000d5580000)
  object space 178176K, 37% used [0x0000000080000000,0x00000000840bc1f8,0x000000008ae00000)
 Metaspace       used 103237K, capacity 108578K, committed 108760K, reserved 1142784K
  class space    used 13488K, capacity 14540K, committed 14552K, reserved 1048576K
Event: 1469.300 GC heap after
Heap after GC invocations=26 (full 4):
 PSYoungGen      total 541184K, used 27510K [0x00000000d5580000, 0x00000000f9600000, 0x0000000100000000)
  eden space 501248K, 0% used [0x00000000d5580000,0x00000000d5580000,0x00000000f3f00000)
  from space 39936K, 68% used [0x00000000f6780000,0x00000000f825da68,0x00000000f8e80000)
  to   space 41472K, 0% used [0x00000000f3f00000,0x00000000f3f00000,0x00000000f6780000)
 ParOldGen       total 178176K, used 66288K [0x0000000080000000, 0x000000008ae00000, 0x00000000d5580000)
  object space 178176K, 37% used [0x0000000080000000,0x00000000840bc1f8,0x000000008ae00000)
 Metaspace       used 103237K, capacity 108578K, committed 108760K, reserved 1142784K
  class space    used 13488K, capacity 14540K, committed 14552K, reserved 1048576K
}
Event: 1472.486 GC heap before
{Heap before GC invocations=27 (full 4):
 PSYoungGen      total 541184K, used 528758K [0x00000000d5580000, 0x00000000f9600000, 0x0000000100000000)
  eden space 501248K, 100% used [0x00000000d5580000,0x00000000f3f00000,0x00000000f3f00000)
  from space 39936K, 68% used [0x00000000f6780000,0x00000000f825da68,0x00000000f8e80000)
  to   space 41472K, 0% used [0x00000000f3f00000,0x00000000f3f00000,0x00000000f6780000)
 ParOldGen       total 178176K, used 66288K [0x0000000080000000, 0x000000008ae00000, 0x00000000d5580000)
  object space 178176K, 37% used [0x0000000080000000,0x00000000840bc1f8,0x000000008ae00000)
 Metaspace       used 103377K, capacity 108714K, committed 108760K, reserved 1142784K
  class space    used 13488K, capacity 14540K, committed 14552K, reserved 1048576K
Event: 1472.553 GC heap after
Heap after GC invocations=27 (full 4):
 PSYoungGen      total 542720K, used 10808K [0x00000000d5580000, 0x00000000ff480000, 0x0000000100000000)
  eden space 501248K, 0% used [0x00000000d5580000,0x00000000d5580000,0x00000000f3f00000)
  from space 41472K, 26% used [0x00000000f3f00000,0x00000000f498e340,0x00000000f6780000)
  to   space 40448K, 0% used [0x00000000fcd00000,0x00000000fcd00000,0x00000000ff480000)
 ParOldGen       total 178176K, used 76735K [0x0000000080000000, 0x000000008ae00000, 0x00000000d5580000)
  object space 178176K, 43% used [0x0000000080000000,0x0000000084aefd40,0x000000008ae00000)
 Metaspace       used 103377K, capacity 108714K, committed 108760K, reserved 1142784K
  class space    used 13488K, capacity 14540K, committed 14552K, reserved 1048576K
}
Event: 1475.384 GC heap before
{Heap before GC invocations=28 (full 4):
 PSYoungGen      total 542720K, used 512056K [0x00000000d5580000, 0x00000000ff480000, 0x0000000100000000)
  eden space 501248K, 100% used [0x00000000d5580000,0x00000000f3f00000,0x00000000f3f00000)
  from space 41472K, 26% used [0x00000000f3f00000,0x00000000f498e340,0x00000000f6780000)
  to   space 40448K, 0% used [0x00000000fcd00000,0x00000000fcd00000,0x00000000ff480000)
 ParOldGen       total 178176K, used 76735K [0x0000000080000000, 0x000000008ae00000, 0x00000000d5580000)
  object space 178176K, 43% used [0x0000000080000000,0x0000000084aefd40,0x000000008ae00000)
 Metaspace       used 103445K, capacity 108802K, committed 109016K, reserved 1144832K
  class space    used 13491K, capacity 14542K, committed 14552K, reserved 1048576K
Event: 1475.439 GC heap after
Heap after GC invocations=28 (full 4):
 PSYoungGen      total 646656K, used 9249K [0x00000000d5580000, 0x00000000ff400000, 0x0000000100000000)
  eden space 606720K, 0% used [0x00000000d5580000,0x00000000d5580000,0x00000000fa600000)
  from space 39936K, 23% used [0x00000000fcd00000,0x00000000fd6086a0,0x00000000ff400000)
  to   space 39936K, 0% used [0x00000000fa600000,0x00000000fa600000,0x00000000fcd00000)
 ParOldGen       total 178176K, used 81405K [0x0000000080000000, 0x000000008ae00000, 0x00000000d5580000)
  object space 178176K, 45% used [0x0000000080000000,0x0000000084f7f478,0x000000008ae00000)
 Metaspace       used 103445K, capacity 108802K, committed 109016K, reserved 1144832K
  class space    used 13491K, capacity 14542K, committed 14552K, reserved 1048576K
}
Event: 1479.132 GC heap before
{Heap before GC invocations=29 (full 4):
 PSYoungGen      total 646656K, used 615969K [0x00000000d5580000, 0x00000000ff400000, 0x0000000100000000)
  eden space 606720K, 100% used [0x00000000d5580000,0x00000000fa600000,0x00000000fa600000)
  from space 39936K, 23% used [0x00000000fcd00000,0x00000000fd6086a0,0x00000000ff400000)
  to   space 39936K, 0% used [0x00000000fa600000,0x00000000fa600000,0x00000000fcd00000)
 ParOldGen       total 178176K, used 81405K [0x0000000080000000, 0x000000008ae00000, 0x00000000d5580000)
  object space 178176K, 45% used [0x0000000080000000,0x0000000084f7f478,0x000000008ae00000)
 Metaspace       used 103496K, capacity 108810K, committed 109016K, reserved 1144832K
  class space    used 13491K, capacity 14542K, committed 14552K, reserved 1048576K
Event: 1479.196 GC heap after
Heap after GC invocations=29 (full 4):
 PSYoungGen      total 646656K, used 12146K [0x00000000d5580000, 0x00000000ffe00000, 0x0000000100000000)
  eden space 606720K, 0% used [0x00000000d5580000,0x00000000d5580000,0x00000000fa600000)
  from space 39936K, 30% used [0x00000000fa600000,0x00000000fb1dc9c8,0x00000000fcd00000)
  to   space 38912K, 0% used [0x00000000fd800000,0x00000000fd800000,0x00000000ffe00000)
 ParOldGen       total 178176K, used 81645K [0x0000000080000000, 0x000000008ae00000, 0x00000000d5580000)
  object space 178176K, 45% used [0x0000000080000000,0x0000000084fbb478,0x000000008ae00000)
 Metaspace       used 103496K, capacity 108810K, committed 109016K, reserved 1144832K
  class space    used 13491K, capacity 14542K, committed 14552K, reserved 1048576K
}
Event: 1484.698 GC heap before
{Heap before GC invocations=30 (full 4):
 PSYoungGen      total 646656K, used 618866K [0x00000000d5580000, 0x00000000ffe00000, 0x0000000100000000)
  eden space 606720K, 100% used [0x00000000d5580000,0x00000000fa600000,0x00000000fa600000)
  from space 39936K, 30% used [0x00000000fa600000,0x00000000fb1dc9c8,0x00000000fcd00000)
  to   space 38912K, 0% used [0x00000000fd800000,0x00000000fd800000,0x00000000ffe00000)
 ParOldGen       total 178176K, used 81645K [0x0000000080000000, 0x000000008ae00000, 0x00000000d5580000)
  object space 178176K, 45% used [0x0000000080000000,0x0000000084fbb478,0x000000008ae00000)
 Metaspace       used 103529K, capacity 108876K, committed 109016K, reserved 1144832K
  class space    used 13492K, capacity 14543K, committed 14552K, reserved 1048576K
Event: 1484.807 GC heap after
Heap after GC invocations=30 (full 4):
 PSYoungGen      total 655872K, used 17761K [0x00000000d5580000, 0x00000000ffb00000, 0x0000000100000000)
  eden space 620032K, 0% used [0x00000000d5580000,0x00000000d5580000,0x00000000fb300000)
  from space 35840K, 49% used [0x00000000fd800000,0x00000000fe9584f0,0x00000000ffb00000)
  to   space 36864K, 0% used [0x00000000fb300000,0x00000000fb300000,0x00000000fd700000)
 ParOldGen       total 178176K, used 81909K [0x0000000080000000, 0x000000008ae00000, 0x00000000d5580000)
  object space 178176K, 45% used [0x0000000080000000,0x0000000084ffd478,0x000000008ae00000)
 Metaspace       used 103529K, capacity 108876K, committed 109016K, reserved 1144832K
  class space    used 13492K, capacity 14543K, committed 14552K, reserved 1048576K
}

